<?xml version="1.0" encoding="UTF-8"?>
<testsuite xmlns:xsi="http://www.w3.org/2001/XMLSchema-instance" xsi:noNamespaceSchemaLocation="https://maven.apache.org/surefire/maven-surefire-plugin/xsd/surefire-test-report-3.0.xsd" version="3.0" name="com.checkout.integration.CheckoutIntegrationTest" time="11.87" tests="4" errors="0" skipped="0" failures="0">
  <properties>
[...]
</properties>
  <testcase name="full_happy_path_cart_checkout_to_paid_order" classname="com.checkout.integration.CheckoutIntegrationTest" time="0.632">
    <system-out><![CDATA[21:43:49.070 [main] INFO org.springframework.test.context.support.AnnotationConfigContextLoaderUtils -- Could not detect default configuration classes for test class [com.checkout.integration.CheckoutIntegrationTest]: CheckoutIntegrationTest does not declare any static, non-private, non-final, nested classes annotated with @Configuration.
21:43:49.189 [main] INFO org.springframework.boot.test.context.SpringBootTestContextBootstrapper -- Found @SpringBootConfiguration com.checkout.CheckoutApplication for test class com.checkout.integration.CheckoutIntegrationTest

  .   ____          _            __ _ _
 /\\ / ___'_ __ _ _(_)_ __  __ _ \ \ \ \
( ( )\___ | '_ | '_| | '_ \/ _` | \ \ \ \
 \\/  ___)| |_)| | | | | || (_| |  ) ) ) )
  '  |____| .__|_| |_|_| |_\__, | / / / /
 =========|_|==============|___/=/_/_/_/

 :: Spring Boot ::                (v3.3.4)

2026-05-10T21:43:49.705+03:00  INFO 55412 --- [checkout-quest] [           main] c.c.integration.CheckoutIntegrationTest  : Starting CheckoutIntegrationTest using Java 22.0.2 with PID 55412 (started by IbrahimAlamro in C:\Users\IbrahimAlamro\checkout-quest project\checkout-quest)
2026-05-10T21:43:49.706+03:00  INFO 55412 --- [checkout-quest] [           main] c.c.integration.CheckoutIntegrationTest  : The following 1 profile is active: "test"
2026-05-10T21:43:50.709+03:00  INFO 55412 --- [checkout-quest] [           main] .s.d.r.c.RepositoryConfigurationDelegate : Bootstrapping Spring Data JPA repositories in DEFAULT mode.
2026-05-10T21:43:50.825+03:00  INFO 55412 --- [checkout-quest] [           main] .s.d.r.c.RepositoryConfigurationDelegate : Finished Spring Data repository scanning in 108 ms. Found 9 JPA repository interfaces.
2026-05-10T21:43:51.082+03:00  INFO 55412 --- [checkout-quest] [           main] o.s.cloud.context.scope.GenericScope     : BeanFactory id=f2ba1c8f-a57a-3054-b662-2bc4290d3495
2026-05-10T21:43:52.946+03:00  INFO 55412 --- [checkout-quest] [           main] com.zaxxer.hikari.HikariDataSource       : HikariPool-1 - Starting...
2026-05-10T21:43:53.158+03:00  INFO 55412 --- [checkout-quest] [           main] com.zaxxer.hikari.pool.HikariPool        : HikariPool-1 - Added connection conn0: url=jdbc:h2:mem:testdb user=SA
2026-05-10T21:43:53.159+03:00  INFO 55412 --- [checkout-quest] [           main] com.zaxxer.hikari.HikariDataSource       : HikariPool-1 - Start completed.
2026-05-10T21:43:53.230+03:00  INFO 55412 --- [checkout-quest] [           main] org.flywaydb.core.FlywayExecutor         : Database: jdbc:h2:mem:testdb (H2 2.2)
2026-05-10T21:43:53.241+03:00  WARN 55412 --- [checkout-quest] [           main] o.f.c.internal.database.base.Database    : Flyway upgrade recommended: H2 2.2.224 is newer than this version of Flyway and support has not been tested. The latest supported version of H2 is 2.2.220.
2026-05-10T21:43:53.261+03:00  INFO 55412 --- [checkout-quest] [           main] o.f.c.i.s.JdbcTableSchemaHistory         : Repair of failed migration in Schema History table "PUBLIC"."flyway_schema_history" not necessary as table doesn't exist.
2026-05-10T21:43:53.279+03:00  INFO 55412 --- [checkout-quest] [           main] o.f.c.i.s.JdbcTableSchemaHistory         : Schema history table "PUBLIC"."flyway_schema_history" does not exist yet
2026-05-10T21:43:53.288+03:00  INFO 55412 --- [checkout-quest] [           main] o.f.core.internal.command.DbRepair       : Successfully repaired schema history table "PUBLIC"."flyway_schema_history" (execution time 00:00.027s).
2026-05-10T21:43:53.304+03:00  WARN 55412 --- [checkout-quest] [           main] o.f.c.internal.database.base.Database    : Flyway upgrade recommended: H2 2.2.224 is newer than this version of Flyway and support has not been tested. The latest supported version of H2 is 2.2.220.
2026-05-10T21:43:53.324+03:00  INFO 55412 --- [checkout-quest] [           main] o.f.c.i.s.JdbcTableSchemaHistory         : Schema history table "PUBLIC"."flyway_schema_history" does not exist yet
2026-05-10T21:43:53.325+03:00  INFO 55412 --- [checkout-quest] [           main] o.f.core.internal.command.DbValidate     : Successfully validated 10 migrations (execution time 00:00.012s)
2026-05-10T21:43:53.336+03:00  INFO 55412 --- [checkout-quest] [           main] o.f.c.i.s.JdbcTableSchemaHistory         : Creating Schema History table "PUBLIC"."flyway_schema_history" ...
2026-05-10T21:43:53.385+03:00  INFO 55412 --- [checkout-quest] [           main] o.f.core.internal.command.DbMigrate      : Current version of schema "PUBLIC": << Empty Schema >>
2026-05-10T21:43:53.394+03:00  INFO 55412 --- [checkout-quest] [           main] o.f.core.internal.command.DbMigrate      : Migrating schema "PUBLIC" to version "1 - create event store"
2026-05-10T21:43:53.415+03:00  INFO 55412 --- [checkout-quest] [           main] o.f.core.internal.command.DbMigrate      : Migrating schema "PUBLIC" to version "2 - create outbox"
2026-05-10T21:43:53.419+03:00  INFO 55412 --- [checkout-quest] [           main] o.f.core.internal.command.DbMigrate      : Migrating schema "PUBLIC" to version "3 - create idempotency"
2026-05-10T21:43:53.424+03:00  INFO 55412 --- [checkout-quest] [           main] o.f.core.internal.command.DbMigrate      : Migrating schema "PUBLIC" to version "4 - create cart read model"
2026-05-10T21:43:53.440+03:00  INFO 55412 --- [checkout-quest] [           main] o.f.core.internal.command.DbMigrate      : Migrating schema "PUBLIC" to version "5 - create order read model"
2026-05-10T21:43:53.447+03:00  INFO 55412 --- [checkout-quest] [           main] o.f.core.internal.command.DbMigrate      : Migrating schema "PUBLIC" to version "6 - create payment read model"
2026-05-10T21:43:53.452+03:00  INFO 55412 --- [checkout-quest] [           main] o.f.core.internal.command.DbMigrate      : Migrating schema "PUBLIC" to version "7 - create ledger schema"
2026-05-10T21:43:53.461+03:00  INFO 55412 --- [checkout-quest] [           main] o.f.core.internal.command.DbMigrate      : Migrating schema "PUBLIC" to version "8 - seed chart of accounts"
2026-05-10T21:43:53.476+03:00  INFO 55412 --- [checkout-quest] [           main] o.f.core.internal.command.DbMigrate      : Migrating schema "PUBLIC" to version "9 - outbox dead letter"
2026-05-10T21:43:53.496+03:00  INFO 55412 --- [checkout-quest] [           main] o.f.core.internal.command.DbMigrate      : Successfully applied 9 migrations to schema "PUBLIC", now at version v9 (execution time 00:00.042s)
2026-05-10T21:43:53.761+03:00  INFO 55412 --- [checkout-quest] [           main] o.hibernate.jpa.internal.util.LogHelper  : HHH000204: Processing PersistenceUnitInfo [name: default]
2026-05-10T21:43:53.950+03:00  INFO 55412 --- [checkout-quest] [           main] org.hibernate.Version                    : HHH000412: Hibernate ORM core version 6.5.3.Final
2026-05-10T21:43:53.997+03:00  INFO 55412 --- [checkout-quest] [           main] o.h.c.internal.RegionFactoryInitiator    : HHH000026: Second-level cache disabled
2026-05-10T21:43:54.158+03:00  INFO 55412 --- [checkout-quest] [           main] o.s.o.j.p.SpringPersistenceUnitInfo      : No LoadTimeWeaver setup: ignoring JPA class transformer
2026-05-10T21:43:54.199+03:00  WARN 55412 --- [checkout-quest] [           main] org.hibernate.orm.deprecation            : HHH90000025: H2Dialect does not need to be specified explicitly using 'hibernate.dialect' (remove the property setting and it will be selected by default)
2026-05-10T21:43:55.039+03:00  INFO 55412 --- [checkout-quest] [           main] o.h.e.t.j.p.i.JtaPlatformInitiator       : HHH000489: No JTA platform available (set 'hibernate.transaction.jta.platform' to enable JTA platform integration)
2026-05-10T21:43:55.061+03:00  INFO 55412 --- [checkout-quest] [           main] j.LocalContainerEntityManagerFactoryBean : Initialized JPA EntityManagerFactory for persistence unit 'default'
2026-05-10T21:43:55.388+03:00  INFO 55412 --- [checkout-quest] [           main] o.s.d.j.r.query.QueryEnhancerFactory     : Hibernate is in classpath; If applicable, HQL parser will be used.
2026-05-10T21:43:56.450+03:00  WARN 55412 --- [checkout-quest] [           main] JpaBaseConfiguration$JpaWebConfiguration : spring.jpa.open-in-view is enabled by default. Therefore, database queries may be performed during view rendering. Explicitly configure spring.jpa.open-in-view to disable this warning
2026-05-10T21:43:56.991+03:00  INFO 55412 --- [checkout-quest] [           main] o.s.b.a.h2.H2ConsoleAutoConfiguration    : H2 console available at '/h2-console'. Database available at 'jdbc:h2:mem:testdb'
2026-05-10T21:43:57.041+03:00  INFO 55412 --- [checkout-quest] [           main] o.s.b.t.m.w.SpringBootMockServletContext : Initializing Spring TestDispatcherServlet ''
2026-05-10T21:43:57.041+03:00  INFO 55412 --- [checkout-quest] [           main] o.s.t.web.servlet.TestDispatcherServlet  : Initializing Servlet ''
2026-05-10T21:43:57.044+03:00  INFO 55412 --- [checkout-quest] [           main] o.s.t.web.servlet.TestDispatcherServlet  : Completed initialization in 1 ms
2026-05-10T21:43:57.120+03:00  INFO 55412 --- [checkout-quest] [           main] c.c.integration.CheckoutIntegrationTest  : Started CheckoutIntegrationTest in 7.812 seconds (process running for 10.775)
2026-05-10T21:43:57.764+03:00  INFO 55412 --- [checkout-quest] [           main] j.LocalContainerEntityManagerFactoryBean : Closing JPA EntityManagerFactory for persistence unit 'default'
2026-05-10T21:43:57.767+03:00  INFO 55412 --- [checkout-quest] [           main] com.zaxxer.hikari.HikariDataSource       : HikariPool-1 - Shutdown initiated...
2026-05-10T21:43:57.769+03:00  INFO 55412 --- [checkout-quest] [           main] com.zaxxer.hikari.HikariDataSource       : HikariPool-1 - Shutdown completed.
]]></system-out>
    <system-err><![CDATA[WARNING: A Java agent has been loaded dynamically (C:\Users\IbrahimAlamro\.m2\repository\net\bytebuddy\byte-buddy-agent\1.14.19\byte-buddy-agent-1.14.19.jar)
WARNING: If a serviceability tool is in use, please run with -XX:+EnableDynamicAgentLoading to hide this warning
WARNING: If a serviceability tool is not in use, please run with -Djdk.instrument.traceUsage for more information
WARNING: Dynamic loading of agents will be disallowed by default in a future release
]]></system-err>
  </testcase>
  <testcase name="duplicate_webhook_does_not_corrupt_order_state" classname="com.checkout.integration.CheckoutIntegrationTest" time="0.173">
    <system-out><![CDATA[
  .   ____          _            __ _ _
 /\\ / ___'_ __ _ _(_)_ __  __ _ \ \ \ \
( ( )\___ | '_ | '_| | '_ \/ _` | \ \ \ \
 \\/  ___)| |_)| | | | | || (_| |  ) ) ) )
  '  |____| .__|_| |_|_| |_\__, | / / / /
 =========|_|==============|___/=/_/_/_/

 :: Spring Boot ::                (v3.3.4)

2026-05-10T21:43:57.813+03:00  INFO 55412 --- [checkout-quest] [           main] c.c.integration.CheckoutIntegrationTest  : Starting CheckoutIntegrationTest using Java 22.0.2 with PID 55412 (started by IbrahimAlamro in C:\Users\IbrahimAlamro\checkout-quest project\checkout-quest)
2026-05-10T21:43:57.814+03:00  INFO 55412 --- [checkout-quest] [           main] c.c.integration.CheckoutIntegrationTest  : The following 1 profile is active: "test"
2026-05-10T21:43:58.165+03:00  INFO 55412 --- [checkout-quest] [           main] .s.d.r.c.RepositoryConfigurationDelegate : Bootstrapping Spring Data JPA repositories in DEFAULT mode.
2026-05-10T21:43:58.232+03:00  INFO 55412 --- [checkout-quest] [           main] .s.d.r.c.RepositoryConfigurationDelegate : Finished Spring Data repository scanning in 66 ms. Found 9 JPA repository interfaces.
2026-05-10T21:43:58.268+03:00  INFO 55412 --- [checkout-quest] [           main] o.s.cloud.context.scope.GenericScope     : BeanFactory id=f2ba1c8f-a57a-3054-b662-2bc4290d3495
2026-05-10T21:43:58.319+03:00  INFO 55412 --- [checkout-quest] [           main] com.zaxxer.hikari.HikariDataSource       : HikariPool-2 - Starting...
2026-05-10T21:43:58.321+03:00  INFO 55412 --- [checkout-quest] [           main] com.zaxxer.hikari.pool.HikariPool        : HikariPool-2 - Added connection conn10: url=jdbc:h2:mem:testdb user=SA
2026-05-10T21:43:58.321+03:00  INFO 55412 --- [checkout-quest] [           main] com.zaxxer.hikari.HikariDataSource       : HikariPool-2 - Start completed.
2026-05-10T21:43:58.322+03:00  INFO 55412 --- [checkout-quest] [           main] org.flywaydb.core.FlywayExecutor         : Database: jdbc:h2:mem:testdb (H2 2.2)
2026-05-10T21:43:58.323+03:00  WARN 55412 --- [checkout-quest] [           main] o.f.c.internal.database.base.Database    : Flyway upgrade recommended: H2 2.2.224 is newer than this version of Flyway and support has not been tested. The latest supported version of H2 is 2.2.220.
2026-05-10T21:43:58.325+03:00  INFO 55412 --- [checkout-quest] [           main] o.f.c.i.s.JdbcTableSchemaHistory         : Repair of failed migration in Schema History table "PUBLIC"."flyway_schema_history" not necessary. No failed migration detected.
2026-05-10T21:43:58.332+03:00  INFO 55412 --- [checkout-quest] [           main] o.f.core.internal.command.DbRepair       : Successfully repaired schema history table "PUBLIC"."flyway_schema_history" (execution time 00:00.008s).
2026-05-10T21:43:58.336+03:00  WARN 55412 --- [checkout-quest] [           main] o.f.c.internal.database.base.Database    : Flyway upgrade recommended: H2 2.2.224 is newer than this version of Flyway and support has not been tested. The latest supported version of H2 is 2.2.220.
2026-05-10T21:43:58.345+03:00  INFO 55412 --- [checkout-quest] [           main] o.f.core.internal.command.DbValidate     : Successfully validated 10 migrations (execution time 00:00.009s)
2026-05-10T21:43:58.347+03:00  INFO 55412 --- [checkout-quest] [           main] o.f.core.internal.command.DbMigrate      : Current version of schema "PUBLIC": 9
2026-05-10T21:43:58.348+03:00  INFO 55412 --- [checkout-quest] [           main] o.f.core.internal.command.DbMigrate      : Schema "PUBLIC" is up to date. No migration necessary.
2026-05-10T21:43:58.375+03:00  INFO 55412 --- [checkout-quest] [           main] o.hibernate.jpa.internal.util.LogHelper  : HHH000204: Processing PersistenceUnitInfo [name: default]
2026-05-10T21:43:58.377+03:00  INFO 55412 --- [checkout-quest] [           main] o.h.c.internal.RegionFactoryInitiator    : HHH000026: Second-level cache disabled
2026-05-10T21:43:58.385+03:00  INFO 55412 --- [checkout-quest] [           main] o.s.o.j.p.SpringPersistenceUnitInfo      : No LoadTimeWeaver setup: ignoring JPA class transformer
2026-05-10T21:43:58.387+03:00  WARN 55412 --- [checkout-quest] [           main] org.hibernate.orm.deprecation            : HHH90000025: H2Dialect does not need to be specified explicitly using 'hibernate.dialect' (remove the property setting and it will be selected by default)
2026-05-10T21:43:58.547+03:00  INFO 55412 --- [checkout-quest] [           main] o.h.e.t.j.p.i.JtaPlatformInitiator       : HHH000489: No JTA platform available (set 'hibernate.transaction.jta.platform' to enable JTA platform integration)
2026-05-10T21:43:58.550+03:00  INFO 55412 --- [checkout-quest] [           main] j.LocalContainerEntityManagerFactoryBean : Initialized JPA EntityManagerFactory for persistence unit 'default'
2026-05-10T21:43:58.677+03:00  WARN 55412 --- [checkout-quest] [           main] JpaBaseConfiguration$JpaWebConfiguration : spring.jpa.open-in-view is enabled by default. Therefore, database queries may be performed during view rendering. Explicitly configure spring.jpa.open-in-view to disable this warning
2026-05-10T21:43:58.773+03:00  INFO 55412 --- [checkout-quest] [           main] o.s.b.a.h2.H2ConsoleAutoConfiguration    : H2 console available at '/h2-console'. Database available at 'jdbc:h2:mem:testdb'
2026-05-10T21:43:58.783+03:00  INFO 55412 --- [checkout-quest] [           main] o.s.b.t.m.w.SpringBootMockServletContext : Initializing Spring TestDispatcherServlet ''
2026-05-10T21:43:58.784+03:00  INFO 55412 --- [checkout-quest] [           main] o.s.t.web.servlet.TestDispatcherServlet  : Initializing Servlet ''
2026-05-10T21:43:58.784+03:00  INFO 55412 --- [checkout-quest] [           main] o.s.t.web.servlet.TestDispatcherServlet  : Completed initialization in 0 ms
2026-05-10T21:43:58.811+03:00  INFO 55412 --- [checkout-quest] [           main] c.c.integration.CheckoutIntegrationTest  : Started CheckoutIntegrationTest in 1.039 seconds (process running for 12.465)
2026-05-10T21:43:58.985+03:00  INFO 55412 --- [checkout-quest] [           main] j.LocalContainerEntityManagerFactoryBean : Closing JPA EntityManagerFactory for persistence unit 'default'
2026-05-10T21:43:58.986+03:00  INFO 55412 --- [checkout-quest] [           main] com.zaxxer.hikari.HikariDataSource       : HikariPool-2 - Shutdown initiated...
2026-05-10T21:43:58.987+03:00  INFO 55412 --- [checkout-quest] [           main] com.zaxxer.hikari.HikariDataSource       : HikariPool-2 - Shutdown completed.
]]></system-out>
  </testcase>
  <testcase name="payment_failure_then_retry_results_in_paid_order" classname="com.checkout.integration.CheckoutIntegrationTest" time="0.238">
    <system-out><![CDATA[
  .   ____          _            __ _ _
 /\\ / ___'_ __ _ _(_)_ __  __ _ \ \ \ \
( ( )\___ | '_ | '_| | '_ \/ _` | \ \ \ \
 \\/  ___)| |_)| | | | | || (_| |  ) ) ) )
  '  |____| .__|_| |_|_| |_\__, | / / / /
 =========|_|==============|___/=/_/_/_/

 :: Spring Boot ::                (v3.3.4)

2026-05-10T21:43:59.020+03:00  INFO 55412 --- [checkout-quest] [           main] c.c.integration.CheckoutIntegrationTest  : Starting CheckoutIntegrationTest using Java 22.0.2 with PID 55412 (started by IbrahimAlamro in C:\Users\IbrahimAlamro\checkout-quest project\checkout-quest)
2026-05-10T21:43:59.020+03:00  INFO 55412 --- [checkout-quest] [           main] c.c.integration.CheckoutIntegrationTest  : The following 1 profile is active: "test"
2026-05-10T21:43:59.262+03:00  INFO 55412 --- [checkout-quest] [           main] .s.d.r.c.RepositoryConfigurationDelegate : Bootstrapping Spring Data JPA repositories in DEFAULT mode.
2026-05-10T21:43:59.307+03:00  INFO 55412 --- [checkout-quest] [           main] .s.d.r.c.RepositoryConfigurationDelegate : Finished Spring Data repository scanning in 45 ms. Found 9 JPA repository interfaces.
2026-05-10T21:43:59.333+03:00  INFO 55412 --- [checkout-quest] [           main] o.s.cloud.context.scope.GenericScope     : BeanFactory id=f2ba1c8f-a57a-3054-b662-2bc4290d3495
2026-05-10T21:43:59.372+03:00  INFO 55412 --- [checkout-quest] [           main] com.zaxxer.hikari.HikariDataSource       : HikariPool-3 - Starting...
2026-05-10T21:43:59.373+03:00  INFO 55412 --- [checkout-quest] [           main] com.zaxxer.hikari.pool.HikariPool        : HikariPool-3 - Added connection conn20: url=jdbc:h2:mem:testdb user=SA
2026-05-10T21:43:59.373+03:00  INFO 55412 --- [checkout-quest] [           main] com.zaxxer.hikari.HikariDataSource       : HikariPool-3 - Start completed.
2026-05-10T21:43:59.374+03:00  INFO 55412 --- [checkout-quest] [           main] org.flywaydb.core.FlywayExecutor         : Database: jdbc:h2:mem:testdb (H2 2.2)
2026-05-10T21:43:59.375+03:00  WARN 55412 --- [checkout-quest] [           main] o.f.c.internal.database.base.Database    : Flyway upgrade recommended: H2 2.2.224 is newer than this version of Flyway and support has not been tested. The latest supported version of H2 is 2.2.220.
2026-05-10T21:43:59.376+03:00  INFO 55412 --- [checkout-quest] [           main] o.f.c.i.s.JdbcTableSchemaHistory         : Repair of failed migration in Schema History table "PUBLIC"."flyway_schema_history" not necessary. No failed migration detected.
2026-05-10T21:43:59.384+03:00  INFO 55412 --- [checkout-quest] [           main] o.f.core.internal.command.DbRepair       : Successfully repaired schema history table "PUBLIC"."flyway_schema_history" (execution time 00:00.008s).
2026-05-10T21:43:59.387+03:00  WARN 55412 --- [checkout-quest] [           main] o.f.c.internal.database.base.Database    : Flyway upgrade recommended: H2 2.2.224 is newer than this version of Flyway and support has not been tested. The latest supported version of H2 is 2.2.220.
2026-05-10T21:43:59.395+03:00  INFO 55412 --- [checkout-quest] [           main] o.f.core.internal.command.DbValidate     : Successfully validated 10 migrations (execution time 00:00.006s)
2026-05-10T21:43:59.396+03:00  INFO 55412 --- [checkout-quest] [           main] o.f.core.internal.command.DbMigrate      : Current version of schema "PUBLIC": 9
2026-05-10T21:43:59.396+03:00  INFO 55412 --- [checkout-quest] [           main] o.f.core.internal.command.DbMigrate      : Schema "PUBLIC" is up to date. No migration necessary.
2026-05-10T21:43:59.420+03:00  INFO 55412 --- [checkout-quest] [           main] o.hibernate.jpa.internal.util.LogHelper  : HHH000204: Processing PersistenceUnitInfo [name: default]
2026-05-10T21:43:59.422+03:00  INFO 55412 --- [checkout-quest] [           main] o.h.c.internal.RegionFactoryInitiator    : HHH000026: Second-level cache disabled
2026-05-10T21:43:59.429+03:00  INFO 55412 --- [checkout-quest] [           main] o.s.o.j.p.SpringPersistenceUnitInfo      : No LoadTimeWeaver setup: ignoring JPA class transformer
2026-05-10T21:43:59.430+03:00  WARN 55412 --- [checkout-quest] [           main] org.hibernate.orm.deprecation            : HHH90000025: H2Dialect does not need to be specified explicitly using 'hibernate.dialect' (remove the property setting and it will be selected by default)
2026-05-10T21:43:59.564+03:00  INFO 55412 --- [checkout-quest] [           main] o.h.e.t.j.p.i.JtaPlatformInitiator       : HHH000489: No JTA platform available (set 'hibernate.transaction.jta.platform' to enable JTA platform integration)
2026-05-10T21:43:59.566+03:00  INFO 55412 --- [checkout-quest] [           main] j.LocalContainerEntityManagerFactoryBean : Initialized JPA EntityManagerFactory for persistence unit 'default'
2026-05-10T21:43:59.682+03:00  WARN 55412 --- [checkout-quest] [           main] JpaBaseConfiguration$JpaWebConfiguration : spring.jpa.open-in-view is enabled by default. Therefore, database queries may be performed during view rendering. Explicitly configure spring.jpa.open-in-view to disable this warning
2026-05-10T21:43:59.764+03:00  INFO 55412 --- [checkout-quest] [           main] o.s.b.a.h2.H2ConsoleAutoConfiguration    : H2 console available at '/h2-console'. Database available at 'jdbc:h2:mem:testdb'
2026-05-10T21:43:59.773+03:00  INFO 55412 --- [checkout-quest] [           main] o.s.b.t.m.w.SpringBootMockServletContext : Initializing Spring TestDispatcherServlet ''
2026-05-10T21:43:59.773+03:00  INFO 55412 --- [checkout-quest] [           main] o.s.t.web.servlet.TestDispatcherServlet  : Initializing Servlet ''
2026-05-10T21:43:59.774+03:00  INFO 55412 --- [checkout-quest] [           main] o.s.t.web.servlet.TestDispatcherServlet  : Completed initialization in 1 ms
2026-05-10T21:43:59.795+03:00  INFO 55412 --- [checkout-quest] [           main] c.c.integration.CheckoutIntegrationTest  : Started CheckoutIntegrationTest in 0.805 seconds (process running for 13.45)
2026-05-10T21:44:00.034+03:00  INFO 55412 --- [checkout-quest] [           main] j.LocalContainerEntityManagerFactoryBean : Closing JPA EntityManagerFactory for persistence unit 'default'
2026-05-10T21:44:00.035+03:00  INFO 55412 --- [checkout-quest] [           main] com.zaxxer.hikari.HikariDataSource       : HikariPool-3 - Shutdown initiated...
2026-05-10T21:44:00.036+03:00  INFO 55412 --- [checkout-quest] [           main] com.zaxxer.hikari.HikariDataSource       : HikariPool-3 - Shutdown completed.
]]></system-out>
  </testcase>
  <testcase name="payment_start_with_same_idempotency_key_replays_cached_response" classname="com.checkout.integration.CheckoutIntegrationTest" time="0.093">
    <system-out><![CDATA[
  .   ____          _            __ _ _
 /\\ / ___'_ __ _ _(_)_ __  __ _ \ \ \ \
( ( )\___ | '_ | '_| | '_ \/ _` | \ \ \ \
 \\/  ___)| |_)| | | | | || (_| |  ) ) ) )
  '  |____| .__|_| |_|_| |_\__, | / / / /
 =========|_|==============|___/=/_/_/_/

 :: Spring Boot ::                (v3.3.4)

2026-05-10T21:44:00.071+03:00  INFO 55412 --- [checkout-quest] [           main] c.c.integration.CheckoutIntegrationTest  : Starting CheckoutIntegrationTest using Java 22.0.2 with PID 55412 (started by IbrahimAlamro in C:\Users\IbrahimAlamro\checkout-quest project\checkout-quest)
2026-05-10T21:44:00.071+03:00  INFO 55412 --- [checkout-quest] [           main] c.c.integration.CheckoutIntegrationTest  : The following 1 profile is active: "test"
2026-05-10T21:44:00.287+03:00  INFO 55412 --- [checkout-quest] [           main] .s.d.r.c.RepositoryConfigurationDelegate : Bootstrapping Spring Data JPA repositories in DEFAULT mode.
2026-05-10T21:44:00.334+03:00  INFO 55412 --- [checkout-quest] [           main] .s.d.r.c.RepositoryConfigurationDelegate : Finished Spring Data repository scanning in 46 ms. Found 9 JPA repository interfaces.
2026-05-10T21:44:00.368+03:00  INFO 55412 --- [checkout-quest] [           main] o.s.cloud.context.scope.GenericScope     : BeanFactory id=f2ba1c8f-a57a-3054-b662-2bc4290d3495
2026-05-10T21:44:00.420+03:00  INFO 55412 --- [checkout-quest] [           main] com.zaxxer.hikari.HikariDataSource       : HikariPool-4 - Starting...
2026-05-10T21:44:00.421+03:00  INFO 55412 --- [checkout-quest] [           main] com.zaxxer.hikari.pool.HikariPool        : HikariPool-4 - Added connection conn30: url=jdbc:h2:mem:testdb user=SA
2026-05-10T21:44:00.421+03:00  INFO 55412 --- [checkout-quest] [           main] com.zaxxer.hikari.HikariDataSource       : HikariPool-4 - Start completed.
2026-05-10T21:44:00.422+03:00  INFO 55412 --- [checkout-quest] [           main] org.flywaydb.core.FlywayExecutor         : Database: jdbc:h2:mem:testdb (H2 2.2)
2026-05-10T21:44:00.423+03:00  WARN 55412 --- [checkout-quest] [           main] o.f.c.internal.database.base.Database    : Flyway upgrade recommended: H2 2.2.224 is newer than this version of Flyway and support has not been tested. The latest supported version of H2 is 2.2.220.
2026-05-10T21:44:00.424+03:00  INFO 55412 --- [checkout-quest] [           main] o.f.c.i.s.JdbcTableSchemaHistory         : Repair of failed migration in Schema History table "PUBLIC"."flyway_schema_history" not necessary. No failed migration detected.
2026-05-10T21:44:00.431+03:00  INFO 55412 --- [checkout-quest] [           main] o.f.core.internal.command.DbRepair       : Successfully repaired schema history table "PUBLIC"."flyway_schema_history" (execution time 00:00.006s).
2026-05-10T21:44:00.433+03:00  WARN 55412 --- [checkout-quest] [           main] o.f.c.internal.database.base.Database    : Flyway upgrade recommended: H2 2.2.224 is newer than this version of Flyway and support has not been tested. The latest supported version of H2 is 2.2.220.
2026-05-10T21:44:00.440+03:00  INFO 55412 --- [checkout-quest] [           main] o.f.core.internal.command.DbValidate     : Successfully validated 10 migrations (execution time 00:00.006s)
2026-05-10T21:44:00.441+03:00  INFO 55412 --- [checkout-quest] [           main] o.f.core.internal.command.DbMigrate      : Current version of schema "PUBLIC": 9
2026-05-10T21:44:00.442+03:00  INFO 55412 --- [checkout-quest] [           main] o.f.core.internal.command.DbMigrate      : Schema "PUBLIC" is up to date. No migration necessary.
2026-05-10T21:44:00.466+03:00  INFO 55412 --- [checkout-quest] [           main] o.hibernate.jpa.internal.util.LogHelper  : HHH000204: Processing PersistenceUnitInfo [name: default]
2026-05-10T21:44:00.469+03:00  INFO 55412 --- [checkout-quest] [           main] o.h.c.internal.RegionFactoryInitiator    : HHH000026: Second-level cache disabled
2026-05-10T21:44:00.474+03:00  INFO 55412 --- [checkout-quest] [           main] o.s.o.j.p.SpringPersistenceUnitInfo      : No LoadTimeWeaver setup: ignoring JPA class transformer
2026-05-10T21:44:00.475+03:00  WARN 55412 --- [checkout-quest] [           main] org.hibernate.orm.deprecation            : HHH90000025: H2Dialect does not need to be specified explicitly using 'hibernate.dialect' (remove the property setting and it will be selected by default)
2026-05-10T21:44:00.572+03:00  INFO 55412 --- [checkout-quest] [           main] o.h.e.t.j.p.i.JtaPlatformInitiator       : HHH000489: No JTA platform available (set 'hibernate.transaction.jta.platform' to enable JTA platform integration)
2026-05-10T21:44:00.573+03:00  INFO 55412 --- [checkout-quest] [           main] j.LocalContainerEntityManagerFactoryBean : Initialized JPA EntityManagerFactory for persistence unit 'default'
2026-05-10T21:44:00.663+03:00  WARN 55412 --- [checkout-quest] [           main] JpaBaseConfiguration$JpaWebConfiguration : spring.jpa.open-in-view is enabled by default. Therefore, database queries may be performed during view rendering. Explicitly configure spring.jpa.open-in-view to disable this warning
2026-05-10T21:44:00.728+03:00  INFO 55412 --- [checkout-quest] [           main] o.s.b.a.h2.H2ConsoleAutoConfiguration    : H2 console available at '/h2-console'. Database available at 'jdbc:h2:mem:testdb'
2026-05-10T21:44:00.735+03:00  INFO 55412 --- [checkout-quest] [           main] o.s.b.t.m.w.SpringBootMockServletContext : Initializing Spring TestDispatcherServlet ''
2026-05-10T21:44:00.735+03:00  INFO 55412 --- [checkout-quest] [           main] o.s.t.web.servlet.TestDispatcherServlet  : Initializing Servlet ''
2026-05-10T21:44:00.735+03:00  INFO 55412 --- [checkout-quest] [           main] o.s.t.web.servlet.TestDispatcherServlet  : Completed initialization in 0 ms
2026-05-10T21:44:00.755+03:00  INFO 55412 --- [checkout-quest] [           main] c.c.integration.CheckoutIntegrationTest  : Started CheckoutIntegrationTest in 0.717 seconds (process running for 14.411)
2026-05-10T21:44:00.850+03:00  INFO 55412 --- [checkout-quest] [           main] j.LocalContainerEntityManagerFactoryBean : Closing JPA EntityManagerFactory for persistence unit 'default'
2026-05-10T21:44:00.850+03:00  INFO 55412 --- [checkout-quest] [           main] com.zaxxer.hikari.HikariDataSource       : HikariPool-4 - Shutdown initiated...
2026-05-10T21:44:00.851+03:00  INFO 55412 --- [checkout-quest] [           main] com.zaxxer.hikari.HikariDataSource       : HikariPool-4 - Shutdown completed.
]]></system-out>
  </testcase>
</testsuite>